<?xml version="1.0" encoding="UTF-8"?>
<!-- Generated by org.testng.reporters.JUnitXMLReporter -->
<testsuite ignored="0" hostname="PC7425" failures="0" tests="3" name="TV 2 sumo Test Cases" time="24.086" errors="0" timestamp="22 May 2019 16:18:51 GMT">
  <testcase classname="sumo.qa.testcases.FrontpageTest" name="logginnBtn_Click_Testcase" time="0.149"/>
  <testcase classname="sumo.qa.testcases.FrontpageTest" name="GlemtPassordLink_Click_Testcase" time="0.315"/>
  <testcase classname="sumo.qa.testcases.FrontpageTest" name="NyBruker_FåtilgangNåLink_Click_Testcase" time="0.992"/>
</testsuite> <!-- TV 2 sumo Test Cases -->
