<?xml version="1.0" encoding="UTF-8"?>
<!-- Generated by org.testng.reporters.JUnitXMLReporter -->
<testsuite ignored="0" hostname="PC7425" failures="0" tests="4" name="TV 2 sumo Test Cases" time="34.415" errors="0" timestamp="27 May 2019 08:01:11 GMT">
  <testcase classname="sumo.qa.testcases.FrontpageTest" name="LogginnFunction_Testcase" time="2.833"/>
  <testcase classname="sumo.qa.testcases.FrontpageTest" name="GlemtPassordLink_Click_Testcase" time="0.333"/>
  <testcase classname="sumo.qa.testcases.FrontpageTest" name="NyBruker_FåtilgangNåLink_Click_Testcase" time="0.998"/>
  <testcase classname="sumo.qa.testcases.FrontpageTest" name="logginnBtn_Click_Testcase" time="0.146"/>
</testsuite> <!-- TV 2 sumo Test Cases -->
