<?xml version="1.0" encoding="UTF-8"?>
<!-- Generated by org.testng.reporters.JUnitXMLReporter -->
<testsuite ignored="0" hostname="PC7425" failures="0" tests="4" name="Default test" time="36.764" errors="0" timestamp="23 May 2019 10:56:58 GMT">
  <testcase classname="sumo.qa.testcases.FrontpageTest" name="LogginnFunction_Testcase" time="2.843"/>
  <testcase classname="sumo.qa.testcases.FrontpageTest" name="GlemtPassordLink_Click_Testcase" time="0.452"/>
  <testcase classname="sumo.qa.testcases.FrontpageTest" name="NyBruker_FåtilgangNåLink_Click_Testcase" time="1.396"/>
  <testcase classname="sumo.qa.testcases.FrontpageTest" name="logginnBtn_Click_Testcase" time="0.382"/>
</testsuite> <!-- Default test -->
