<?xml version="1.0" encoding="UTF-8"?>
<testsuite xmlns:xsi="http://www.w3.org/2001/XMLSchema-instance" xsi:schemaLocation="https://maven.apache.org/surefire/maven-surefire-plugin/xsd/surefire-test-report.xsd" name="TestSuite" time="25.135" tests="3" errors="0" skipped="0" failures="0">
  <properties>
[...]
</properties>
  <testcase name="logginnBtn_Click_Testcase" classname="sumo.qa.testcases.FrontpageTest" time="0.15"/>
  <testcase name="GlemtPassordLink_Click_Testcase" classname="sumo.qa.testcases.FrontpageTest" time="0.315"/>
  <testcase name="NyBruker_FåtilgangNåLink_Click_Testcase" classname="sumo.qa.testcases.FrontpageTest" time="0.992"/>
</testsuite>