<?xml version="1.0" encoding="UTF-8"?>
<testng-results ignored="0" total="6" passed="6" failed="0" skipped="0">
  <reporter-output>
  </reporter-output>
  <suite started-at="2019-06-28T07:20:25Z" name="TV 2 Sumo Automation Test Suite" finished-at="2019-06-28T07:21:24Z" duration-ms="58872">
    <groups>
    </groups>
    <test started-at="2019-06-28T07:20:25Z" name="TV 2 sumo Test Cases" finished-at="2019-06-28T07:21:24Z" duration-ms="58872">
      <class name="sumo.qa.testcases.FrontpageTest">
        <test-method is-config="true" signature="setExtent()[pri:0, instance:sumo.qa.testcases.FrontpageTest@294425a7]" started-at="2019-06-28T07:20:25Z" name="setExtent" finished-at="2019-06-28T07:20:25Z" duration-ms="150" status="PASS">
          <reporter-output>
          </reporter-output>
        </test-method> <!-- setExtent -->
        <test-method is-config="true" signature="setUp()[pri:0, instance:sumo.qa.testcases.FrontpageTest@294425a7]" started-at="2019-06-28T07:20:25Z" name="setUp" finished-at="2019-06-28T07:20:32Z" duration-ms="7104" status="PASS">
          <reporter-output>
          </reporter-output>
        </test-method> <!-- setUp -->
        <test-method signature="LogginnFunction_Test()[pri:1, instance:sumo.qa.testcases.FrontpageTest@294425a7]" started-at="2019-06-28T07:20:32Z" name="LogginnFunction_Test" finished-at="2019-06-28T07:20:35Z" duration-ms="2896" status="PASS">
          <reporter-output>
          </reporter-output>
        </test-method> <!-- LogginnFunction_Test -->
        <test-method is-config="true" signature="tearDown(org.testng.ITestResult)[pri:0, instance:sumo.qa.testcases.FrontpageTest@294425a7]" started-at="2019-06-28T07:20:35Z" name="tearDown" finished-at="2019-06-28T07:20:36Z" duration-ms="760" status="PASS">
          <params>
            <param index="0">
              <value>
                <![CDATA[[TestResult name=LogginnFunction_Test status=SUCCESS method=FrontpageTest.LogginnFunction_Test()[pri:1, instance:sumo.qa.testcases.FrontpageTest@294425a7] output={null}]]]>
              </value>
            </param>
          </params>
          <reporter-output>
          </reporter-output>
        </test-method> <!-- tearDown -->
        <test-method is-config="true" signature="setUp()[pri:0, instance:sumo.qa.testcases.FrontpageTest@294425a7]" started-at="2019-06-28T07:20:36Z" name="setUp" finished-at="2019-06-28T07:20:42Z" duration-ms="6634" status="PASS">
          <reporter-output>
          </reporter-output>
        </test-method> <!-- setUp -->
        <test-method signature="GlemtPassordLink_Click_Test()[pri:2, instance:sumo.qa.testcases.FrontpageTest@294425a7]" started-at="2019-06-28T07:20:42Z" name="GlemtPassordLink_Click_Test" finished-at="2019-06-28T07:20:43Z" duration-ms="326" status="PASS">
          <reporter-output>
          </reporter-output>
        </test-method> <!-- GlemtPassordLink_Click_Test -->
        <test-method is-config="true" signature="tearDown(org.testng.ITestResult)[pri:0, instance:sumo.qa.testcases.FrontpageTest@294425a7]" started-at="2019-06-28T07:20:43Z" name="tearDown" finished-at="2019-06-28T07:20:43Z" duration-ms="677" status="PASS">
          <params>
            <param index="0">
              <value>
                <![CDATA[[TestResult name=GlemtPassordLink_Click_Test status=SUCCESS method=FrontpageTest.GlemtPassordLink_Click_Test()[pri:2, instance:sumo.qa.testcases.FrontpageTest@294425a7] output={null}]]]>
              </value>
            </param>
          </params>
          <reporter-output>
          </reporter-output>
        </test-method> <!-- tearDown -->
        <test-method is-config="true" signature="setUp()[pri:0, instance:sumo.qa.testcases.FrontpageTest@294425a7]" started-at="2019-06-28T07:20:43Z" name="setUp" finished-at="2019-06-28T07:20:50Z" duration-ms="6532" status="PASS">
          <reporter-output>
          </reporter-output>
        </test-method> <!-- setUp -->
        <test-method signature="NyBruker_FaatilgangNaaLink_Test()[pri:3, instance:sumo.qa.testcases.FrontpageTest@294425a7]" started-at="2019-06-28T07:20:50Z" name="NyBruker_FaatilgangNaaLink_Test" finished-at="2019-06-28T07:20:51Z" duration-ms="1046" status="PASS">
          <reporter-output>
          </reporter-output>
        </test-method> <!-- NyBruker_FaatilgangNaaLink_Test -->
        <test-method is-config="true" signature="tearDown(org.testng.ITestResult)[pri:0, instance:sumo.qa.testcases.FrontpageTest@294425a7]" started-at="2019-06-28T07:20:51Z" name="tearDown" finished-at="2019-06-28T07:20:52Z" duration-ms="698" status="PASS">
          <params>
            <param index="0">
              <value>
                <![CDATA[[TestResult name=NyBruker_FaatilgangNaaLink_Test status=SUCCESS method=FrontpageTest.NyBruker_FaatilgangNaaLink_Test()[pri:3, instance:sumo.qa.testcases.FrontpageTest@294425a7] output={null}]]]>
              </value>
            </param>
          </params>
          <reporter-output>
          </reporter-output>
        </test-method> <!-- tearDown -->
        <test-method is-config="true" signature="setUp()[pri:0, instance:sumo.qa.testcases.FrontpageTest@294425a7]" started-at="2019-06-28T07:20:52Z" name="setUp" finished-at="2019-06-28T07:20:58Z" duration-ms="6639" status="PASS">
          <reporter-output>
          </reporter-output>
        </test-method> <!-- setUp -->
        <test-method signature="logginnBtn_Click_Test()[pri:4, instance:sumo.qa.testcases.FrontpageTest@294425a7]" started-at="2019-06-28T07:20:58Z" name="logginnBtn_Click_Test" finished-at="2019-06-28T07:20:58Z" duration-ms="163" status="PASS">
          <reporter-output>
          </reporter-output>
        </test-method> <!-- logginnBtn_Click_Test -->
        <test-method is-config="true" signature="tearDown(org.testng.ITestResult)[pri:0, instance:sumo.qa.testcases.FrontpageTest@294425a7]" started-at="2019-06-28T07:20:58Z" name="tearDown" finished-at="2019-06-28T07:20:59Z" duration-ms="696" status="PASS">
          <params>
            <param index="0">
              <value>
                <![CDATA[[TestResult name=logginnBtn_Click_Test status=SUCCESS method=FrontpageTest.logginnBtn_Click_Test()[pri:4, instance:sumo.qa.testcases.FrontpageTest@294425a7] output={null}]]]>
              </value>
            </param>
          </params>
          <reporter-output>
          </reporter-output>
        </test-method> <!-- tearDown -->
        <test-method is-config="true" signature="setUp()[pri:0, instance:sumo.qa.testcases.FrontpageTest@294425a7]" started-at="2019-06-28T07:20:59Z" name="setUp" finished-at="2019-06-28T07:21:06Z" duration-ms="6618" status="PASS">
          <reporter-output>
          </reporter-output>
        </test-method> <!-- setUp -->
        <test-method signature="LogginnAvbrytBtn_Click_Test()[pri:5, instance:sumo.qa.testcases.FrontpageTest@294425a7]" started-at="2019-06-28T07:21:06Z" name="LogginnAvbrytBtn_Click_Test" finished-at="2019-06-28T07:21:15Z" duration-ms="9438" status="PASS">
          <reporter-output>
          </reporter-output>
        </test-method> <!-- LogginnAvbrytBtn_Click_Test -->
        <test-method is-config="true" signature="tearDown(org.testng.ITestResult)[pri:0, instance:sumo.qa.testcases.FrontpageTest@294425a7]" started-at="2019-06-28T07:21:15Z" name="tearDown" finished-at="2019-06-28T07:21:16Z" duration-ms="709" status="PASS">
          <params>
            <param index="0">
              <value>
                <![CDATA[[TestResult name=LogginnAvbrytBtn_Click_Test status=SUCCESS method=FrontpageTest.LogginnAvbrytBtn_Click_Test()[pri:5, instance:sumo.qa.testcases.FrontpageTest@294425a7] output={null}]]]>
              </value>
            </param>
          </params>
          <reporter-output>
          </reporter-output>
        </test-method> <!-- tearDown -->
        <test-method is-config="true" signature="setUp()[pri:0, instance:sumo.qa.testcases.FrontpageTest@294425a7]" started-at="2019-06-28T07:21:16Z" name="setUp" finished-at="2019-06-28T07:21:22Z" duration-ms="6613" status="PASS">
          <reporter-output>
          </reporter-output>
        </test-method> <!-- setUp -->
        <test-method signature="SumoLogo_Click_Test()[pri:6, instance:sumo.qa.testcases.FrontpageTest@294425a7]" started-at="2019-06-28T07:21:22Z" name="SumoLogo_Click_Test" finished-at="2019-06-28T07:21:23Z" duration-ms="232" status="PASS">
          <reporter-output>
          </reporter-output>
        </test-method> <!-- SumoLogo_Click_Test -->
        <test-method is-config="true" signature="tearDown(org.testng.ITestResult)[pri:0, instance:sumo.qa.testcases.FrontpageTest@294425a7]" started-at="2019-06-28T07:21:23Z" name="tearDown" finished-at="2019-06-28T07:21:23Z" duration-ms="678" status="PASS">
          <params>
            <param index="0">
              <value>
                <![CDATA[[TestResult name=SumoLogo_Click_Test status=SUCCESS method=FrontpageTest.SumoLogo_Click_Test()[pri:6, instance:sumo.qa.testcases.FrontpageTest@294425a7] output={null}]]]>
              </value>
            </param>
          </params>
          <reporter-output>
          </reporter-output>
        </test-method> <!-- tearDown -->
        <test-method is-config="true" signature="endReport()[pri:0, instance:sumo.qa.testcases.FrontpageTest@294425a7]" started-at="2019-06-28T07:21:23Z" name="endReport" finished-at="2019-06-28T07:21:24Z" duration-ms="233" status="PASS">
          <reporter-output>
          </reporter-output>
        </test-method> <!-- endReport -->
      </class> <!-- sumo.qa.testcases.FrontpageTest -->
    </test> <!-- TV 2 sumo Test Cases -->
  </suite> <!-- TV 2 Sumo Automation Test Suite -->
</testng-results>
