-------------------------------------------------------------------------------
Test set: TestSuite
-------------------------------------------------------------------------------
Tests run: 4, Failures: 4, Errors: 0, Skipped: 0, Time elapsed: 37.02 sec <<< FAILURE! - in TestSuite
LogginnFunction_Testcase(sumo.qa.testcases.FrontpageTest)  Time elapsed: 2.581 sec  <<< FAILURE!
java.lang.AssertionError: LogginFunction is not working expected [Saranraj123] but found [Saranraj]
	at sumo.qa.testcases.FrontpageTest.LogginnFunction_Testcase(FrontpageTest.java:75)

GlemtPassordLink_Click_Testcase(sumo.qa.testcases.FrontpageTest)  Time elapsed: 0.298 sec  <<< FAILURE!
java.lang.AssertionError: Glemt Passordlink is not working expected [Få passord123] but found [Få passord]
	at sumo.qa.testcases.FrontpageTest.GlemtPassordLink_Click_Testcase(FrontpageTest.java:84)

NyBruker_FåtilgangNåLink_Click_Testcase(sumo.qa.testcases.FrontpageTest)  Time elapsed: 1.123 sec  <<< FAILURE!
java.lang.AssertionError: Ny bruker? Få tilgang nå! Link is not working expected [Registrer ny bruker123] but found [Registrer ny bruker]
	at sumo.qa.testcases.FrontpageTest.NyBruker_FåtilgangNåLink_Click_Testcase(FrontpageTest.java:94)

logginnBtn_Click_Testcase(sumo.qa.testcases.FrontpageTest)  Time elapsed: 0.119 sec  <<< FAILURE!
java.lang.AssertionError: Logginn Button is not working  expected [Logg inn123] but found [Logg inn]
	at sumo.qa.testcases.FrontpageTest.logginnBtn_Click_Testcase(FrontpageTest.java:103)

