<?xml version="1.0" encoding="UTF-8"?>
<testsuite xmlns:xsi="http://www.w3.org/2001/XMLSchema-instance" xsi:schemaLocation="https://maven.apache.org/surefire/maven-surefire-plugin/xsd/surefire-test-report.xsd" name="TestSuite" time="37.02" tests="4" errors="0" skipped="0" failures="4">
  <properties>
[...]
</properties>
  <testcase name="LogginnFunction_Testcase" classname="sumo.qa.testcases.FrontpageTest" time="2.581">
    <failure message="LogginFunction is not working expected [Saranraj123] but found [Saranraj]" type="java.lang.AssertionError">java.lang.AssertionError: LogginFunction is not working expected [Saranraj123] but found [Saranraj]
	at sumo.qa.testcases.FrontpageTest.LogginnFunction_Testcase(FrontpageTest.java:75)
</failure>
    <system-err><![CDATA[Starting ChromeDriver 74.0.3729.6 (255758eccf3d244491b8a1317aa76e1ce10d57e9-refs/branch-heads/3729@{#29}) on port 12818
Only local connections are allowed.
Please protect ports used by ChromeDriver and related test frameworks to prevent access by malicious code.
Jun 14, 2019 2:35:59 PM org.openqa.selenium.remote.ProtocolHandshake createSession
INFO: Detected dialect: OSS
]]></system-err>
  </testcase>
  <testcase name="GlemtPassordLink_Click_Testcase" classname="sumo.qa.testcases.FrontpageTest" time="0.298">
    <failure message="Glemt Passordlink is not working expected [Få passord123] but found [Få passord]" type="java.lang.AssertionError">java.lang.AssertionError: Glemt Passordlink is not working expected [Få passord123] but found [Få passord]
	at sumo.qa.testcases.FrontpageTest.GlemtPassordLink_Click_Testcase(FrontpageTest.java:84)
</failure>
    <system-err><![CDATA[Starting ChromeDriver 74.0.3729.6 (255758eccf3d244491b8a1317aa76e1ce10d57e9-refs/branch-heads/3729@{#29}) on port 32905
Only local connections are allowed.
Please protect ports used by ChromeDriver and related test frameworks to prevent access by malicious code.
Jun 14, 2019 2:36:10 PM org.openqa.selenium.remote.ProtocolHandshake createSession
INFO: Detected dialect: OSS
]]></system-err>
  </testcase>
  <testcase name="NyBruker_FåtilgangNåLink_Click_Testcase" classname="sumo.qa.testcases.FrontpageTest" time="1.123">
    <failure message="Ny bruker? Få tilgang nå! Link is not working expected [Registrer ny bruker123] but found [Registrer ny bruker]" type="java.lang.AssertionError">java.lang.AssertionError: Ny bruker? Få tilgang nå! Link is not working expected [Registrer ny bruker123] but found [Registrer ny bruker]
	at sumo.qa.testcases.FrontpageTest.NyBruker_FåtilgangNåLink_Click_Testcase(FrontpageTest.java:94)
</failure>
    <system-err><![CDATA[Starting ChromeDriver 74.0.3729.6 (255758eccf3d244491b8a1317aa76e1ce10d57e9-refs/branch-heads/3729@{#29}) on port 33454
Only local connections are allowed.
Please protect ports used by ChromeDriver and related test frameworks to prevent access by malicious code.
Jun 14, 2019 2:36:18 PM org.openqa.selenium.remote.ProtocolHandshake createSession
INFO: Detected dialect: OSS
]]></system-err>
  </testcase>
  <testcase name="logginnBtn_Click_Testcase" classname="sumo.qa.testcases.FrontpageTest" time="0.119">
    <failure message="Logginn Button is not working  expected [Logg inn123] but found [Logg inn]" type="java.lang.AssertionError">java.lang.AssertionError: Logginn Button is not working  expected [Logg inn123] but found [Logg inn]
	at sumo.qa.testcases.FrontpageTest.logginnBtn_Click_Testcase(FrontpageTest.java:103)
</failure>
    <system-err><![CDATA[Starting ChromeDriver 74.0.3729.6 (255758eccf3d244491b8a1317aa76e1ce10d57e9-refs/branch-heads/3729@{#29}) on port 37464
Only local connections are allowed.
Please protect ports used by ChromeDriver and related test frameworks to prevent access by malicious code.
Jun 14, 2019 2:36:26 PM org.openqa.selenium.remote.ProtocolHandshake createSession
INFO: Detected dialect: OSS
]]></system-err>
  </testcase>
</testsuite>