<?xml version="1.0" encoding="UTF-8"?>
<testng-results ignored="0" total="4" passed="4" failed="0" skipped="0">
  <reporter-output>
  </reporter-output>
  <suite started-at="2019-05-23T10:56:21Z" name="Default suite" finished-at="2019-05-23T10:56:58Z" duration-ms="36764">
    <groups>
    </groups>
    <test started-at="2019-05-23T10:56:21Z" name="Default test" finished-at="2019-05-23T10:56:58Z" duration-ms="36764">
      <class name="sumo.qa.testcases.FrontpageTest">
        <test-method is-config="true" signature="setUp()[pri:0, instance:sumo.qa.testcases.FrontpageTest@3d34d211]" started-at="2019-05-23T10:56:21Z" name="setUp" finished-at="2019-05-23T10:56:28Z" duration-ms="7411" status="PASS">
          <reporter-output>
          </reporter-output>
        </test-method> <!-- setUp -->
        <test-method signature="LogginnFunction_Testcase()[pri:1, instance:sumo.qa.testcases.FrontpageTest@3d34d211]" started-at="2019-05-23T10:56:28Z" name="LogginnFunction_Testcase" finished-at="2019-05-23T10:56:31Z" duration-ms="2843" status="PASS">
          <reporter-output>
          </reporter-output>
        </test-method> <!-- LogginnFunction_Testcase -->
        <test-method is-config="true" signature="tearDown()[pri:0, instance:sumo.qa.testcases.FrontpageTest@3d34d211]" started-at="2019-05-23T10:56:31Z" name="tearDown" finished-at="2019-05-23T10:56:32Z" duration-ms="694" status="PASS">
          <reporter-output>
          </reporter-output>
        </test-method> <!-- tearDown -->
        <test-method is-config="true" signature="setUp()[pri:0, instance:sumo.qa.testcases.FrontpageTest@3d34d211]" started-at="2019-05-23T10:56:32Z" name="setUp" finished-at="2019-05-23T10:56:39Z" duration-ms="7334" status="PASS">
          <reporter-output>
          </reporter-output>
        </test-method> <!-- setUp -->
        <test-method signature="GlemtPassordLink_Click_Testcase()[pri:2, instance:sumo.qa.testcases.FrontpageTest@3d34d211]" started-at="2019-05-23T10:56:39Z" name="GlemtPassordLink_Click_Testcase" finished-at="2019-05-23T10:56:40Z" duration-ms="452" status="PASS">
          <reporter-output>
          </reporter-output>
        </test-method> <!-- GlemtPassordLink_Click_Testcase -->
        <test-method is-config="true" signature="tearDown()[pri:0, instance:sumo.qa.testcases.FrontpageTest@3d34d211]" started-at="2019-05-23T10:56:40Z" name="tearDown" finished-at="2019-05-23T10:56:41Z" duration-ms="896" status="PASS">
          <reporter-output>
          </reporter-output>
        </test-method> <!-- tearDown -->
        <test-method is-config="true" signature="setUp()[pri:0, instance:sumo.qa.testcases.FrontpageTest@3d34d211]" started-at="2019-05-23T10:56:41Z" name="setUp" finished-at="2019-05-23T10:56:48Z" duration-ms="7131" status="PASS">
          <reporter-output>
          </reporter-output>
        </test-method> <!-- setUp -->
        <test-method signature="NyBruker_FåtilgangNåLink_Click_Testcase()[pri:3, instance:sumo.qa.testcases.FrontpageTest@3d34d211]" started-at="2019-05-23T10:56:48Z" name="NyBruker_FåtilgangNåLink_Click_Testcase" finished-at="2019-05-23T10:56:49Z" duration-ms="1396" status="PASS">
          <reporter-output>
          </reporter-output>
        </test-method> <!-- NyBruker_FåtilgangNåLink_Click_Testcase -->
        <test-method is-config="true" signature="tearDown()[pri:0, instance:sumo.qa.testcases.FrontpageTest@3d34d211]" started-at="2019-05-23T10:56:49Z" name="tearDown" finished-at="2019-05-23T10:56:50Z" duration-ms="719" status="PASS">
          <reporter-output>
          </reporter-output>
        </test-method> <!-- tearDown -->
        <test-method is-config="true" signature="setUp()[pri:0, instance:sumo.qa.testcases.FrontpageTest@3d34d211]" started-at="2019-05-23T10:56:50Z" name="setUp" finished-at="2019-05-23T10:56:57Z" duration-ms="6796" status="PASS">
          <reporter-output>
          </reporter-output>
        </test-method> <!-- setUp -->
        <test-method signature="logginnBtn_Click_Testcase()[pri:4, instance:sumo.qa.testcases.FrontpageTest@3d34d211]" started-at="2019-05-23T10:56:57Z" name="logginnBtn_Click_Testcase" finished-at="2019-05-23T10:56:57Z" duration-ms="382" status="PASS">
          <reporter-output>
          </reporter-output>
        </test-method> <!-- logginnBtn_Click_Testcase -->
        <test-method is-config="true" signature="tearDown()[pri:0, instance:sumo.qa.testcases.FrontpageTest@3d34d211]" started-at="2019-05-23T10:56:57Z" name="tearDown" finished-at="2019-05-23T10:56:58Z" duration-ms="683" status="PASS">
          <reporter-output>
          </reporter-output>
        </test-method> <!-- tearDown -->
      </class> <!-- sumo.qa.testcases.FrontpageTest -->
    </test> <!-- Default test -->
  </suite> <!-- Default suite -->
</testng-results>
