<?xml version="1.0" encoding="UTF-8"?>
<testng-results ignored="0" total="3" passed="3" failed="0" skipped="0">
  <reporter-output>
  </reporter-output>
  <suite started-at="2019-05-22T11:10:16Z" name="Default suite" finished-at="2019-05-22T11:10:31Z" duration-ms="14999">
    <groups>
    </groups>
    <test started-at="2019-05-22T11:10:16Z" name="Default test" finished-at="2019-05-22T11:10:31Z" duration-ms="14999">
      <class name="sumo.qa.testcases.TestcaseTrialTest">
        <test-method is-config="true" signature="setUp()[pri:0, instance:sumo.qa.testcases.TestcaseTrialTest@c0c2f8d]" started-at="2019-05-22T11:10:16Z" name="setUp" finished-at="2019-05-22T11:10:21Z" duration-ms="4774" status="PASS">
          <reporter-output>
          </reporter-output>
        </test-method> <!-- setUp -->
        <test-method signature="Testcase1()[pri:1, instance:sumo.qa.testcases.TestcaseTrialTest@c0c2f8d]" started-at="2019-05-22T11:10:21Z" name="Testcase1" finished-at="2019-05-22T11:10:21Z" duration-ms="8" status="PASS">
          <reporter-output>
          </reporter-output>
        </test-method> <!-- Testcase1 -->
        <test-method is-config="true" signature="tearDown()[pri:0, instance:sumo.qa.testcases.TestcaseTrialTest@c0c2f8d]" started-at="2019-05-22T11:10:21Z" name="tearDown" finished-at="2019-05-22T11:10:22Z" duration-ms="703" status="PASS">
          <reporter-output>
          </reporter-output>
        </test-method> <!-- tearDown -->
        <test-method is-config="true" signature="setUp()[pri:0, instance:sumo.qa.testcases.TestcaseTrialTest@c0c2f8d]" started-at="2019-05-22T11:10:22Z" name="setUp" finished-at="2019-05-22T11:10:26Z" duration-ms="3851" status="PASS">
          <reporter-output>
          </reporter-output>
        </test-method> <!-- setUp -->
        <test-method signature="Testcase2()[pri:1, instance:sumo.qa.testcases.TestcaseTrialTest@c0c2f8d]" started-at="2019-05-22T11:10:26Z" name="Testcase2" finished-at="2019-05-22T11:10:26Z" duration-ms="4" status="PASS">
          <reporter-output>
          </reporter-output>
        </test-method> <!-- Testcase2 -->
        <test-method is-config="true" signature="tearDown()[pri:0, instance:sumo.qa.testcases.TestcaseTrialTest@c0c2f8d]" started-at="2019-05-22T11:10:26Z" name="tearDown" finished-at="2019-05-22T11:10:26Z" duration-ms="726" status="PASS">
          <reporter-output>
          </reporter-output>
        </test-method> <!-- tearDown -->
        <test-method is-config="true" signature="setUp()[pri:0, instance:sumo.qa.testcases.TestcaseTrialTest@c0c2f8d]" started-at="2019-05-22T11:10:26Z" name="setUp" finished-at="2019-05-22T11:10:31Z" duration-ms="4188" status="PASS">
          <reporter-output>
          </reporter-output>
        </test-method> <!-- setUp -->
        <test-method signature="Testcase3()[pri:1, instance:sumo.qa.testcases.TestcaseTrialTest@c0c2f8d]" started-at="2019-05-22T11:10:31Z" name="Testcase3" finished-at="2019-05-22T11:10:31Z" duration-ms="2" status="PASS">
          <reporter-output>
          </reporter-output>
        </test-method> <!-- Testcase3 -->
        <test-method is-config="true" signature="tearDown()[pri:0, instance:sumo.qa.testcases.TestcaseTrialTest@c0c2f8d]" started-at="2019-05-22T11:10:31Z" name="tearDown" finished-at="2019-05-22T11:10:31Z" duration-ms="709" status="PASS">
          <reporter-output>
          </reporter-output>
        </test-method> <!-- tearDown -->
      </class> <!-- sumo.qa.testcases.TestcaseTrialTest -->
    </test> <!-- Default test -->
  </suite> <!-- Default suite -->
</testng-results>
