<?xml version="1.0" encoding="UTF-8"?>
<testng-results ignored="0" total="4" passed="3" failed="1" skipped="0">
  <reporter-output>
  </reporter-output>
  <suite started-at="2019-05-23T09:57:16Z" name="Default suite" finished-at="2019-05-23T09:57:49Z" duration-ms="32885">
    <groups>
    </groups>
    <test started-at="2019-05-23T09:57:16Z" name="Default test" finished-at="2019-05-23T09:57:49Z" duration-ms="32885">
      <class name="sumo.qa.testcases.FrontpageTest">
        <test-method is-config="true" signature="setUp()[pri:0, instance:sumo.qa.testcases.FrontpageTest@3d34d211]" started-at="2019-05-23T09:57:16Z" name="setUp" finished-at="2019-05-23T09:57:23Z" duration-ms="7470" status="PASS">
          <reporter-output>
          </reporter-output>
        </test-method> <!-- setUp -->
        <test-method signature="LogginnFunction_Testcase()[pri:1, instance:sumo.qa.testcases.FrontpageTest@3d34d211]" started-at="2019-05-23T09:57:23Z" name="LogginnFunction_Testcase" finished-at="2019-05-23T09:57:26Z" duration-ms="2509" status="FAIL">
          <exception class="java.lang.AssertionError">
            <message>
              <![CDATA[LogginFunction is not working expected [Saranraj] but found [Film1skjerma]]]>
            </message>
            <full-stacktrace>
              <![CDATA[java.lang.AssertionError: LogginFunction is not working expected [Saranraj] but found [Film1skjerma]
at org.testng.Assert.fail(Assert.java:96)
at org.testng.Assert.failNotEquals(Assert.java:776)
at org.testng.Assert.assertEqualsImpl(Assert.java:137)
at org.testng.Assert.assertEquals(Assert.java:118)
at org.testng.Assert.assertEquals(Assert.java:453)
at sumo.qa.testcases.FrontpageTest.LogginnFunction_Testcase(FrontpageTest.java:58)
at java.base/jdk.internal.reflect.NativeMethodAccessorImpl.invoke0(Native Method)
at java.base/jdk.internal.reflect.NativeMethodAccessorImpl.invoke(NativeMethodAccessorImpl.java:62)
at java.base/jdk.internal.reflect.DelegatingMethodAccessorImpl.invoke(DelegatingMethodAccessorImpl.java:43)
at java.base/java.lang.reflect.Method.invoke(Method.java:566)
at org.testng.internal.MethodInvocationHelper.invokeMethod(MethodInvocationHelper.java:124)
at org.testng.internal.Invoker.invokeMethod(Invoker.java:580)
at org.testng.internal.Invoker.invokeTestMethod(Invoker.java:716)
at org.testng.internal.Invoker.invokeTestMethods(Invoker.java:988)
at org.testng.internal.TestMethodWorker.invokeTestMethods(TestMethodWorker.java:125)
at org.testng.internal.TestMethodWorker.run(TestMethodWorker.java:109)
at org.testng.TestRunner.privateRun(TestRunner.java:648)
at org.testng.TestRunner.run(TestRunner.java:505)
at org.testng.SuiteRunner.runTest(SuiteRunner.java:455)
at org.testng.SuiteRunner.runSequentially(SuiteRunner.java:450)
at org.testng.SuiteRunner.privateRun(SuiteRunner.java:415)
at org.testng.SuiteRunner.run(SuiteRunner.java:364)
at org.testng.SuiteRunnerWorker.runSuite(SuiteRunnerWorker.java:52)
at org.testng.SuiteRunnerWorker.run(SuiteRunnerWorker.java:84)
at org.testng.TestNG.runSuitesSequentially(TestNG.java:1208)
at org.testng.TestNG.runSuitesLocally(TestNG.java:1137)
at org.testng.TestNG.runSuites(TestNG.java:1049)
at org.testng.TestNG.run(TestNG.java:1017)
at org.testng.remote.AbstractRemoteTestNG.run(AbstractRemoteTestNG.java:115)
at org.testng.remote.RemoteTestNG.initAndRun(RemoteTestNG.java:251)
at org.testng.remote.RemoteTestNG.main(RemoteTestNG.java:77)
]]>
            </full-stacktrace>
          </exception> <!-- java.lang.AssertionError -->
          <reporter-output>
          </reporter-output>
        </test-method> <!-- LogginnFunction_Testcase -->
        <test-method is-config="true" signature="tearDown()[pri:0, instance:sumo.qa.testcases.FrontpageTest@3d34d211]" started-at="2019-05-23T09:57:26Z" name="tearDown" finished-at="2019-05-23T09:57:27Z" duration-ms="852" status="PASS">
          <reporter-output>
          </reporter-output>
        </test-method> <!-- tearDown -->
        <test-method is-config="true" signature="setUp()[pri:0, instance:sumo.qa.testcases.FrontpageTest@3d34d211]" started-at="2019-05-23T09:57:27Z" name="setUp" finished-at="2019-05-23T09:57:33Z" duration-ms="6104" status="PASS">
          <reporter-output>
          </reporter-output>
        </test-method> <!-- setUp -->
        <test-method signature="GlemtPassordLink_Click_Testcase()[pri:2, instance:sumo.qa.testcases.FrontpageTest@3d34d211]" started-at="2019-05-23T09:57:33Z" name="GlemtPassordLink_Click_Testcase" finished-at="2019-05-23T09:57:33Z" duration-ms="310" status="PASS">
          <reporter-output>
          </reporter-output>
        </test-method> <!-- GlemtPassordLink_Click_Testcase -->
        <test-method is-config="true" signature="tearDown()[pri:0, instance:sumo.qa.testcases.FrontpageTest@3d34d211]" started-at="2019-05-23T09:57:33Z" name="tearDown" finished-at="2019-05-23T09:57:34Z" duration-ms="753" status="PASS">
          <reporter-output>
          </reporter-output>
        </test-method> <!-- tearDown -->
        <test-method is-config="true" signature="setUp()[pri:0, instance:sumo.qa.testcases.FrontpageTest@3d34d211]" started-at="2019-05-23T09:57:34Z" name="setUp" finished-at="2019-05-23T09:57:40Z" duration-ms="6032" status="PASS">
          <reporter-output>
          </reporter-output>
        </test-method> <!-- setUp -->
        <test-method signature="NyBruker_FåtilgangNåLink_Click_Testcase()[pri:3, instance:sumo.qa.testcases.FrontpageTest@3d34d211]" started-at="2019-05-23T09:57:40Z" name="NyBruker_FåtilgangNåLink_Click_Testcase" finished-at="2019-05-23T09:57:41Z" duration-ms="1079" status="PASS">
          <reporter-output>
          </reporter-output>
        </test-method> <!-- NyBruker_FåtilgangNåLink_Click_Testcase -->
        <test-method is-config="true" signature="tearDown()[pri:0, instance:sumo.qa.testcases.FrontpageTest@3d34d211]" started-at="2019-05-23T09:57:41Z" name="tearDown" finished-at="2019-05-23T09:57:42Z" duration-ms="762" status="PASS">
          <reporter-output>
          </reporter-output>
        </test-method> <!-- tearDown -->
        <test-method is-config="true" signature="setUp()[pri:0, instance:sumo.qa.testcases.FrontpageTest@3d34d211]" started-at="2019-05-23T09:57:42Z" name="setUp" finished-at="2019-05-23T09:57:48Z" duration-ms="6026" status="PASS">
          <reporter-output>
          </reporter-output>
        </test-method> <!-- setUp -->
        <test-method signature="logginnBtn_Click_Testcase()[pri:4, instance:sumo.qa.testcases.FrontpageTest@3d34d211]" started-at="2019-05-23T09:57:48Z" name="logginnBtn_Click_Testcase" finished-at="2019-05-23T09:57:48Z" duration-ms="119" status="PASS">
          <reporter-output>
          </reporter-output>
        </test-method> <!-- logginnBtn_Click_Testcase -->
        <test-method is-config="true" signature="tearDown()[pri:0, instance:sumo.qa.testcases.FrontpageTest@3d34d211]" started-at="2019-05-23T09:57:48Z" name="tearDown" finished-at="2019-05-23T09:57:49Z" duration-ms="837" status="PASS">
          <reporter-output>
          </reporter-output>
        </test-method> <!-- tearDown -->
      </class> <!-- sumo.qa.testcases.FrontpageTest -->
    </test> <!-- Default test -->
  </suite> <!-- Default suite -->
</testng-results>
